-------------------------------------------------------------------------------
Test set: SeleniumTests.NavigationTests
-------------------------------------------------------------------------------
Tests run: 4, Failures: 2, Errors: 0, Skipped: 0, Time elapsed: 70.065 s <<< FAILURE! - in SeleniumTests.NavigationTests
SeleniumTests.NavigationTests.userCanSuccessfullyViewCertainCategoryLatestPostsPage  Time elapsed: 41.236 s  <<< FAILURE!
org.opentest4j.AssertionFailedError: Element with locator: '//select[@id="name"]' was not found.
	at org.junit.jupiter.api.AssertionUtils.fail(AssertionUtils.java:38)
	at org.junit.jupiter.api.Assertions.fail(Assertions.java:134)
	at testFramework.UserActions.waitForElementVisibleUntilTimeout(UserActions.java:113)
	at testFramework.UserActions.waitForElementVisible(UserActions.java:68)
	at pages.LatestPostsPage.selectCategory(LatestPostsPage.java:24)
	at SeleniumTests.NavigationTests.userCanSuccessfullyViewCertainCategoryLatestPostsPage(NavigationTests.java:63)
	at java.base/java.lang.reflect.Method.invoke(Method.java:566)
	at java.base/java.util.ArrayList.forEach(ArrayList.java:1541)
	at java.base/java.util.ArrayList.forEach(ArrayList.java:1541)

SeleniumTests.NavigationTests.userCanSuccessfullyViewLatestPostsPage  Time elapsed: 10.97 s  <<< FAILURE!
org.opentest4j.AssertionFailedError: 
Expected page heading: Explore all posts
 Actual page heading: $s ==> expected: <Explore all posts> but was: <Whitelabel Error Page>
	at org.junit.jupiter.api.AssertionFailureBuilder.build(AssertionFailureBuilder.java:151)
	at org.junit.jupiter.api.AssertionFailureBuilder.buildAndThrow(AssertionFailureBuilder.java:132)
	at org.junit.jupiter.api.AssertEquals.failNotEqual(AssertEquals.java:197)
	at org.junit.jupiter.api.AssertEquals.assertEquals(AssertEquals.java:182)
	at org.junit.jupiter.api.Assertions.assertEquals(Assertions.java:1152)
	at pages.BasePage.assertPageHeadingEquals(BasePage.java:43)
	at SeleniumTests.NavigationTests.userCanSuccessfullyViewLatestPostsPage(NavigationTests.java:56)
	at java.base/java.lang.reflect.Method.invoke(Method.java:566)
	at java.base/java.util.ArrayList.forEach(ArrayList.java:1541)
	at java.base/java.util.ArrayList.forEach(ArrayList.java:1541)

